<?xml version="1.0" encoding="UTF-8"?>
<!-- Generated by org.testng.reporters.JUnitReportReporter -->
<testsuite hostname="SSIPL-20210116-01" failures="0" tests="1" name="com.selenium.tests.SalesForce" time="23.048" errors="0" timestamp="18 Mar 2021 10:41:30 GMT" skipped="0">
  <testcase classname="com.selenium.tests.SalesForce" name="launchSalesforce" time="23.048"/>
</testsuite> <!-- com.selenium.tests.SalesForce -->
